{"level":"warn","message":"Ruta no encontrada :c"}
{"level":"error","message":"No estas autorizado"}
{"level":"error"}
{"level":"error","message":"ocurrio un error en la ruta: http://localhost:8080/api/productos"}
{"level":"error","message":"ReferenceError: ProductosControllers is not defined\n    at _callee$ (C:\\Users\\Laura Sofia\\Desktop\\desafioClase8\\src\\routes\\/productos.js:15:45)\n    at tryCatch (C:\\Users\\Laura Sofia\\Desktop\\desafioClase8\\src\\routes\\/productos.js:2:1)\n    at Generator.<anonymous> (C:\\Users\\Laura Sofia\\Desktop\\desafioClase8\\src\\routes\\/productos.js:2:1)\n    at Generator.next (C:\\Users\\Laura Sofia\\Desktop\\desafioClase8\\src\\routes\\/productos.js:2:1)\n    at asyncGeneratorStep (C:\\Users\\Laura Sofia\\Desktop\\desafioClase8\\src\\routes\\/productos.js:2:1)\n    at _next (C:\\Users\\Laura Sofia\\Desktop\\desafioClase8\\src\\routes\\/productos.js:2:1)\n    at C:\\Users\\Laura Sofia\\Desktop\\desafioClase8\\src\\routes\\/productos.js:2:1\n    at new Promise (<anonymous>)\n    at C:\\Users\\Laura Sofia\\Desktop\\desafioClase8\\src\\routes\\/productos.js:2:1\n    at C:\\Users\\Laura Sofia\\Desktop\\desafioClase8\\src\\routes\\/productos.js:34:2\n    at Layer.handle [as handle_request] (C:\\Users\\Laura Sofia\\Desktop\\desafioClase8\\node_modules\\express\\lib\\router\\layer.js:95:5)\n    at next (C:\\Users\\Laura Sofia\\Desktop\\desafioClase8\\node_modules\\express\\lib\\router\\route.js:144:13)\n    at info (C:\\Users\\Laura Sofia\\Desktop\\desafioClase8\\src\\middlewares\\/logger.js:14:5)\n    at Layer.handle [as handle_request] (C:\\Users\\Laura Sofia\\Desktop\\desafioClase8\\node_modules\\express\\lib\\router\\layer.js:95:5)\n    at next (C:\\Users\\Laura Sofia\\Desktop\\desafioClase8\\node_modules\\express\\lib\\router\\route.js:144:13)\n    at Route.dispatch (C:\\Users\\Laura Sofia\\Desktop\\desafioClase8\\node_modules\\express\\lib\\router\\route.js:114:3)\n    at Layer.handle [as handle_request] (C:\\Users\\Laura Sofia\\Desktop\\desafioClase8\\node_modules\\express\\lib\\router\\layer.js:95:5)\n    at C:\\Users\\Laura Sofia\\Desktop\\desafioClase8\\node_modules\\express\\lib\\router\\index.js:284:15\n    at Function.process_params (C:\\Users\\Laura Sofia\\Desktop\\desafioClase8\\node_modules\\express\\lib\\router\\index.js:346:12)\n    at next (C:\\Users\\Laura Sofia\\Desktop\\desafioClase8\\node_modules\\express\\lib\\router\\index.js:280:10)\n    at Function.handle (C:\\Users\\Laura Sofia\\Desktop\\desafioClase8\\node_modules\\express\\lib\\router\\index.js:175:3)\n    at router (C:\\Users\\Laura Sofia\\Desktop\\desafioClase8\\node_modules\\express\\lib\\router\\index.js:47:12)\n    at Layer.handle [as handle_request] (C:\\Users\\Laura Sofia\\Desktop\\desafioClase8\\node_modules\\express\\lib\\router\\layer.js:95:5)\n    at trim_prefix (C:\\Users\\Laura Sofia\\Desktop\\desafioClase8\\node_modules\\express\\lib\\router\\index.js:328:13)\n    at C:\\Users\\Laura Sofia\\Desktop\\desafioClase8\\node_modules\\express\\lib\\router\\index.js:286:9\n    at Function.process_params (C:\\Users\\Laura Sofia\\Desktop\\desafioClase8\\node_modules\\express\\lib\\router\\index.js:346:12)\n    at next (C:\\Users\\Laura Sofia\\Desktop\\desafioClase8\\node_modules\\express\\lib\\router\\index.js:280:10)\n    at Function.handle (C:\\Users\\Laura Sofia\\Desktop\\desafioClase8\\node_modules\\express\\lib\\router\\index.js:175:3)\n    at router (C:\\Users\\Laura Sofia\\Desktop\\desafioClase8\\node_modules\\express\\lib\\router\\index.js:47:12)\n    at Layer.handle [as handle_request] (C:\\Users\\Laura Sofia\\Desktop\\desafioClase8\\node_modules\\express\\lib\\router\\layer.js:95:5)\n    at trim_prefix (C:\\Users\\Laura Sofia\\Desktop\\desafioClase8\\node_modules\\express\\lib\\router\\index.js:328:13)\n    at C:\\Users\\Laura Sofia\\Desktop\\desafioClase8\\node_modules\\express\\lib\\router\\index.js:286:9\n    at Function.process_params (C:\\Users\\Laura Sofia\\Desktop\\desafioClase8\\node_modules\\express\\lib\\router\\index.js:346:12)\n    at next (C:\\Users\\Laura Sofia\\Desktop\\desafioClase8\\node_modules\\express\\lib\\router\\index.js:280:10)\n    at Layer.handle [as handle_request] (C:\\Users\\Laura Sofia\\Desktop\\desafioClase8\\node_modules\\express\\lib\\router\\layer.js:91:12)\n    at trim_prefix (C:\\Users\\Laura Sofia\\Desktop\\desafioClase8\\node_modules\\express\\lib\\router\\index.js:328:13)\n    at C:\\Users\\Laura Sofia\\Desktop\\desafioClase8\\node_modules\\express\\lib\\router\\index.js:286:9\n    at Function.process_params (C:\\Users\\Laura Sofia\\Desktop\\desafioClase8\\node_modules\\express\\lib\\router\\index.js:346:12)\n    at next (C:\\Users\\Laura Sofia\\Desktop\\desafioClase8\\node_modules\\express\\lib\\router\\index.js:280:10)\n    at SessionStrategy.strategy.pass (C:\\Users\\Laura Sofia\\Desktop\\desafioClase8\\node_modules\\passport\\lib\\middleware\\authenticate.js:346:9)\n    at SessionStrategy.authenticate (C:\\Users\\Laura Sofia\\Desktop\\desafioClase8\\node_modules\\passport\\lib\\strategies\\session.js:75:10)\n    at attempt (C:\\Users\\Laura Sofia\\Desktop\\desafioClase8\\node_modules\\passport\\lib\\middleware\\authenticate.js:369:16)\n    at authenticate (C:\\Users\\Laura Sofia\\Desktop\\desafioClase8\\node_modules\\passport\\lib\\middleware\\authenticate.js:370:7)\n    at Layer.handle [as handle_request] (C:\\Users\\Laura Sofia\\Desktop\\desafioClase8\\node_modules\\express\\lib\\router\\layer.js:95:5)\n    at trim_prefix (C:\\Users\\Laura Sofia\\Desktop\\desafioClase8\\node_modules\\express\\lib\\router\\index.js:328:13)\n    at C:\\Users\\Laura Sofia\\Desktop\\desafioClase8\\node_modules\\express\\lib\\router\\index.js:286:9\n    at Function.process_params (C:\\Users\\Laura Sofia\\Desktop\\desafioClase8\\node_modules\\express\\lib\\router\\index.js:346:12)\n    at next (C:\\Users\\Laura Sofia\\Desktop\\desafioClase8\\node_modules\\express\\lib\\router\\index.js:280:10)\n    at initialize (C:\\Users\\Laura Sofia\\Desktop\\desafioClase8\\node_modules\\passport\\lib\\middleware\\initialize.js:98:5)\n    at Layer.handle [as handle_request] (C:\\Users\\Laura Sofia\\Desktop\\desafioClase8\\node_modules\\express\\lib\\router\\layer.js:95:5)"}
{"level":"error","message":"ProductosControllers is not defined"}
{"level":"error","message":"campos invalidos"}
{"level":"error","message":"Cast to ObjectId failed for value \"1\" (type string) at path \"_id\" for model \"productos\""}
{"level":"warn","message":"Ruta no encontrada :c"}
{"level":"warn","message":"Ruta no encontrada :c"}
{"level":"warn","message":"Ruta no encontrada :c"}
{"level":"warn","message":"Ruta no encontrada :c"}
{"level":"warn","message":"Ruta no encontrada :c"}
{"level":"warn","message":"Ruta no encontrada :c"}
{"level":"warn","message":"Ruta no encontrada :c"}
{"level":"warn","message":"Ruta no encontrada :c"}
{"level":"warn","message":"Ruta no encontrada :c"}
{"level":"warn","message":"Ruta no encontrada :c"}
{"level":"warn","message":"Ruta no encontrada :c"}
{"level":"warn","message":"Ruta no encontrada :c"}
{"level":"warn","message":"Ruta no encontrada :c"}
{"level":"warn","message":"Ruta no encontrada :c"}
{"level":"warn","message":"Ruta no encontrada :c"}
{"level":"warn","message":"Ruta no encontrada :c"}
{"level":"warn","message":"Ruta no encontrada :c"}
{"level":"warn","message":"Ruta no encontrada :c"}
{"level":"warn","message":"Ruta no encontrada :c"}
{"level":"warn","message":"Ruta no encontrada :c"}
{"level":"warn","message":"Ruta no encontrada :c"}
{"level":"warn","message":"Ruta no encontrada :c"}
{"level":"warn","message":"Ruta no encontrada :c"}
{"level":"warn","message":"Ruta no encontrada :c"}
{"level":"warn","message":"Ruta no encontrada :c"}
{"level":"warn","message":"Ruta no encontrada :c"}
{"level":"warn","message":"Ruta no encontrada :c"}
{"level":"error","message":"campos invalidos"}
{"level":"error","message":"Cannot read properties of undefined (reading 'getAll')"}
{"level":"error","message":"this.dao.getAll is not a function"}
{"level":"warn","message":"Ruta no encontrada :c"}
{"level":"error","message":"productsRepository.getAllDto is not a function"}
{"level":"error","message":"write EPROTO 04310000:error:0A00010B:SSL routines:ssl3_get_record:wrong version number:c:\\ws\\deps\\openssl\\openssl\\ssl\\record\\ssl3_record.c:355:\n"}
{"level":"warn","message":"Ruta no encontrada :c"}
{"level":"error","message":"write EPROTO 14330000:error:0A00010B:SSL routines:ssl3_get_record:wrong version number:c:\\ws\\deps\\openssl\\openssl\\ssl\\record\\ssl3_record.c:355:\n"}
{"level":"warn","message":"Ruta no encontrada :c"}
{"level":"error","message":"Cast to ObjectId failed for value \"undefined\" (type string) at path \"_id\" for model \"productos\""}
{"level":"error","message":"Cast to ObjectId failed for value \"undefined\" (type string) at path \"_id\" for model \"productos\""}
{"level":"error","message":"Cast to ObjectId failed for value \"undefined\" (type string) at path \"_id\" for model \"productos\""}
{"level":"error","message":"Cast to ObjectId failed for value \"undefined\" (type string) at path \"_id\" for model \"productos\""}
{"level":"warn","message":"Ruta no encontrada :c"}
{"level":"warn","message":"Ruta no encontrada :c"}
{"level":"warn","message":"Ruta no encontrada :c"}
{"level":"warn","message":"Ruta no encontrada :c"}
{"level":"warn","message":"Ruta no encontrada :c"}
{"level":"warn","message":"Ruta no encontrada :c"}
{"level":"warn","message":"Ruta no encontrada :c"}
{"level":"warn","message":"Ruta no encontrada :c"}
{"level":"warn","message":"Ruta no encontrada :c"}
{"level":"warn","message":"Ruta no encontrada :c"}
{"level":"warn","message":"Ruta no encontrada :c"}
{"level":"warn","message":"Ruta no encontrada :c"}
{"level":"warn","message":"Ruta no encontrada :c"}
{"level":"warn","message":"Ruta no encontrada :c"}
{"level":"warn","message":"Ruta no encontrada :c"}
{"level":"warn","message":"Ruta no encontrada :c"}
{"level":"warn","message":"Ruta no encontrada :c"}
{"level":"warn","message":"Ruta no encontrada :c"}
{"level":"warn","message":"Ruta no encontrada :c"}
{"level":"warn","message":"Ruta no encontrada :c"}
{"level":"warn","message":"Ruta no encontrada :c"}
{"level":"warn","message":"Ruta no encontrada :c"}
{"level":"warn","message":"Ruta no encontrada :c"}
{"level":"warn","message":"Ruta no encontrada :c"}
{"level":"warn","message":"Ruta no encontrada :c"}
{"level":"warn","message":"Ruta no encontrada :c"}
{"level":"warn","message":"Ruta no encontrada :c"}
{"level":"warn","message":"Ruta no encontrada :c"}
{"level":"warn","message":"Ruta no encontrada :c"}
{"level":"warn","message":"Ruta no encontrada :c"}
{"level":"warn","message":"Ruta no encontrada :c"}
{"level":"warn","message":"Ruta no encontrada :c"}
{"level":"warn","message":"Ruta no encontrada :c"}
{"level":"warn","message":"Ruta no encontrada :c"}
{"level":"warn","message":"Ruta no encontrada :c"}
{"level":"warn","message":"Ruta no encontrada :c"}
{"level":"warn","message":"Ruta no encontrada :c"}
{"level":"warn","message":"Ruta no encontrada :c"}
{"level":"warn","message":"Ruta no encontrada :c"}
{"level":"warn","message":"Ruta no encontrada :c"}
{"level":"warn","message":"Ruta no encontrada :c"}
{"level":"warn","message":"Ruta no encontrada :c"}
{"level":"warn","message":"Ruta no encontrada :c"}
{"level":"warn","message":"Ruta no encontrada :c"}
{"level":"warn","message":"Ruta no encontrada :c"}
{"level":"warn","message":"Ruta no encontrada :c"}
{"level":"warn","message":"Ruta no encontrada :c"}
{"level":"warn","message":"Ruta no encontrada :c"}
{"level":"error","message":"_productosRepository.default.getAll is not a function"}
{"level":"error","message":"_productosRepository.default.getAll is not a function"}
{"level":"error","message":"_productosRepository.default.getAll is not a function"}
{"level":"warn","message":"Ruta no encontrada :c"}
{"level":"warn","message":"Ruta no encontrada :c"}
{"level":"warn","message":"Ruta no encontrada :c"}
{"level":"warn","message":"Ruta no encontrada :c"}
{"level":"warn","message":"Ruta no encontrada :c"}
{"level":"warn","message":"Ruta no encontrada :c"}
{"level":"warn","message":"Ruta no encontrada :c"}
{"level":"warn","message":"Ruta no encontrada :c"}
{"level":"warn","message":"Ruta no encontrada :c"}
{"level":"warn","message":"Ruta no encontrada :c"}
{"level":"warn","message":"Ruta no encontrada :c"}
{"level":"warn","message":"Ruta no encontrada :c"}
{"level":"warn","message":"Ruta no encontrada :c"}
{"level":"warn","message":"Ruta no encontrada :c"}
{"level":"warn","message":"Ruta no encontrada :c"}
{"level":"warn","message":"Ruta no encontrada :c"}
{"level":"warn","message":"Ruta no encontrada :c"}
{"level":"warn","message":"Ruta no encontrada :c"}
{"level":"warn","message":"Ruta no encontrada :c"}
{"level":"warn","message":"Ruta no encontrada :c"}
{"level":"warn","message":"Ruta no encontrada :c"}
{"level":"warn","message":"Ruta no encontrada :c"}
{"level":"warn","message":"Ruta no encontrada :c"}
{"level":"warn","message":"Ruta no encontrada :c"}
{"level":"warn","message":"Ruta no encontrada :c"}
{"level":"warn","message":"Ruta no encontrada :c"}
{"level":"warn","message":"Ruta no encontrada :c"}
{"level":"warn","message":"Ruta no encontrada :c"}
{"level":"warn","message":"Ruta no encontrada :c"}
{"level":"warn","message":"Ruta no encontrada :c"}
{"level":"warn","message":"Ruta no encontrada :c"}
{"level":"warn","message":"Ruta no encontrada :c"}
{"level":"warn","message":"Ruta no encontrada :c"}
{"level":"warn","message":"Ruta no encontrada :c"}
{"level":"warn","message":"Ruta no encontrada :c"}
{"level":"warn","message":"Ruta no encontrada :c"}
{"level":"warn","message":"Ruta no encontrada :c"}
{"level":"warn","message":"Ruta no encontrada :c"}
{"level":"warn","message":"Ruta no encontrada :c"}
{"level":"warn","message":"Ruta no encontrada :c"}
{"level":"warn","message":"Ruta no encontrada :c"}
{"level":"warn","message":"Ruta no encontrada :c"}
{"level":"warn","message":"Ruta no encontrada :c"}
{"level":"warn","message":"Ruta no encontrada :c"}
{"level":"warn","message":"Ruta no encontrada :c"}
{"level":"warn","message":"Ruta no encontrada :c"}
{"level":"warn","message":"Ruta no encontrada :c"}
{"level":"warn","message":"Ruta no encontrada :c"}
{"level":"warn","message":"Ruta no encontrada :c"}
{"level":"warn","message":"Ruta no encontrada :c"}
{"level":"warn","message":"Ruta no encontrada :c"}
{"level":"warn","message":"Ruta no encontrada :c"}
{"level":"warn","message":"Ruta no encontrada :c"}
{"level":"warn","message":"Ruta no encontrada :c"}
{"level":"warn","message":"Ruta no encontrada :c"}
{"level":"warn","message":"Ruta no encontrada :c"}
{"level":"warn","message":"Ruta no encontrada :c"}
{"level":"warn","message":"Ruta no encontrada :c"}
{"level":"warn","message":"Ruta no encontrada :c"}
{"level":"warn","message":"Ruta no encontrada :c"}
{"level":"warn","message":"Ruta no encontrada :c"}
{"level":"warn","message":"Ruta no encontrada :c"}
{"level":"warn","message":"Ruta no encontrada :c"}
{"level":"warn","message":"Ruta no encontrada :c"}
{"level":"warn","message":"Ruta no encontrada :c"}
{"level":"warn","message":"Ruta no encontrada :c"}
{"level":"warn","message":"Ruta no encontrada :c"}
{"level":"warn","message":"Ruta no encontrada :c"}
{"level":"warn","message":"Ruta no encontrada :c"}
{"level":"warn","message":"Ruta no encontrada :c"}
{"level":"warn","message":"Ruta no encontrada :c"}
{"level":"warn","message":"Ruta no encontrada :c"}
{"level":"warn","message":"Ruta no encontrada :c"}
{"level":"warn","message":"Ruta no encontrada :c"}
{"level":"warn","message":"Ruta no encontrada :c"}
{"level":"warn","message":"Ruta no encontrada :c"}
{"level":"warn","message":"Ruta no encontrada :c"}
{"level":"warn","message":"Ruta no encontrada :c"}
{"level":"warn","message":"Ruta no encontrada :c"}
{"level":"warn","message":"Ruta no encontrada :c"}
{"level":"warn","message":"Ruta no encontrada :c"}
{"level":"warn","message":"Ruta no encontrada :c"}
{"level":"warn","message":"Ruta no encontrada :c"}
{"level":"warn","message":"Ruta no encontrada :c"}
{"level":"warn","message":"Ruta no encontrada :c"}
{"level":"warn","message":"Ruta no encontrada :c"}
{"level":"warn","message":"Ruta no encontrada :c"}
{"level":"warn","message":"Ruta no encontrada :c"}
{"level":"warn","message":"Ruta no encontrada :c"}
{"level":"warn","message":"Ruta no encontrada :c"}
{"level":"warn","message":"Ruta no encontrada :c"}
{"level":"warn","message":"Ruta no encontrada :c"}
{"level":"warn","message":"Ruta no encontrada :c"}
{"level":"warn","message":"Ruta no encontrada :c"}
{"level":"warn","message":"Ruta no encontrada :c"}
{"level":"warn","message":"Ruta no encontrada :c"}
{"level":"warn","message":"Ruta no encontrada :c"}
{"level":"warn","message":"Ruta no encontrada :c"}
{"level":"warn","message":"Ruta no encontrada :c"}
{"level":"warn","message":"Ruta no encontrada :c"}
{"level":"warn","message":"Ruta no encontrada :c"}
{"level":"warn","message":"Ruta no encontrada :c"}
{"level":"warn","message":"Ruta no encontrada :c"}
{"level":"warn","message":"Ruta no encontrada :c"}
{"level":"warn","message":"Ruta no encontrada :c"}
{"level":"warn","message":"Ruta no encontrada :c"}
{"level":"warn","message":"Ruta no encontrada :c"}
{"level":"warn","message":"Ruta no encontrada :c"}
{"level":"warn","message":"Ruta no encontrada :c"}
{"level":"warn","message":"Ruta no encontrada :c"}
{"level":"warn","message":"Ruta no encontrada :c"}
{"level":"warn","message":"Ruta no encontrada :c"}
{"level":"warn","message":"Ruta no encontrada :c"}
{"level":"warn","message":"Ruta no encontrada :c"}
{"level":"warn","message":"Ruta no encontrada :c"}
{"level":"warn","message":"Ruta no encontrada :c"}
{"level":"warn","message":"Ruta no encontrada :c"}
{"level":"warn","message":"Ruta no encontrada :c"}
{"level":"warn","message":"Ruta no encontrada :c"}
{"level":"warn","message":"Ruta no encontrada :c"}
{"level":"warn","message":"Ruta no encontrada :c"}
{"level":"warn","message":"Ruta no encontrada :c"}
{"level":"warn","message":"Ruta no encontrada :c"}
{"level":"warn","message":"Ruta no encontrada :c"}
{"level":"warn","message":"Ruta no encontrada :c"}
{"level":"warn","message":"Ruta no encontrada :c"}
{"level":"warn","message":"Ruta no encontrada :c"}
{"level":"warn","message":"Ruta no encontrada :c"}
{"level":"warn","message":"Ruta no encontrada :c"}
{"level":"warn","message":"Ruta no encontrada :c"}
{"level":"warn","message":"Ruta no encontrada :c"}
{"level":"warn","message":"Ruta no encontrada :c"}
{"level":"warn","message":"Ruta no encontrada :c"}
{"level":"warn","message":"Ruta no encontrada :c"}
{"level":"warn","message":"Ruta no encontrada :c"}
{"level":"warn","message":"Ruta no encontrada :c"}
{"level":"warn","message":"Ruta no encontrada :c"}
{"level":"warn","message":"Ruta no encontrada :c"}
{"level":"warn","message":"Ruta no encontrada :c"}
{"level":"warn","message":"Ruta no encontrada :c"}
{"level":"warn","message":"Ruta no encontrada :c"}
{"level":"warn","message":"Ruta no encontrada :c"}
{"level":"warn","message":"Ruta no encontrada :c"}
{"level":"warn","message":"Ruta no encontrada :c"}
{"level":"warn","message":"Ruta no encontrada :c"}
{"level":"warn","message":"Ruta no encontrada :c"}
{"level":"warn","message":"Ruta no encontrada :c"}
{"level":"warn","message":"Ruta no encontrada :c"}
{"level":"warn","message":"Ruta no encontrada :c"}
{"level":"warn","message":"Ruta no encontrada :c"}
{"level":"warn","message":"Ruta no encontrada :c"}
{"level":"warn","message":"Ruta no encontrada :c"}
{"level":"warn","message":"Ruta no encontrada :c"}
{"level":"warn","message":"Ruta no encontrada :c"}
{"level":"warn","message":"Ruta no encontrada :c"}
{"level":"warn","message":"Ruta no encontrada :c"}
{"level":"warn","message":"Ruta no encontrada :c"}
{"level":"warn","message":"Ruta no encontrada :c"}
{"level":"warn","message":"Ruta no encontrada :c"}
{"level":"warn","message":"Ruta no encontrada :c"}
{"level":"warn","message":"Ruta no encontrada :c"}
{"level":"warn","message":"Ruta no encontrada :c"}
{"level":"warn","message":"Ruta no encontrada :c"}
{"level":"warn","message":"Ruta no encontrada :c"}
{"level":"warn","message":"Ruta no encontrada :c"}
{"level":"warn","message":"Ruta no encontrada :c"}
{"level":"warn","message":"Ruta no encontrada :c"}
{"level":"warn","message":"Ruta no encontrada :c"}
{"level":"warn","message":"Ruta no encontrada :c"}
{"level":"warn","message":"Ruta no encontrada :c"}
{"level":"warn","message":"Ruta no encontrada :c"}
{"level":"warn","message":"Ruta no encontrada :c"}
{"level":"warn","message":"Ruta no encontrada :c"}
{"level":"warn","message":"Ruta no encontrada :c"}
{"level":"warn","message":"Ruta no encontrada :c"}
{"level":"warn","message":"Ruta no encontrada :c"}
{"level":"warn","message":"Ruta no encontrada :c"}
{"level":"warn","message":"Ruta no encontrada :c"}
{"level":"warn","message":"Ruta no encontrada :c"}
{"level":"warn","message":"Ruta no encontrada :c"}
{"level":"warn","message":"Ruta no encontrada :c"}
{"level":"warn","message":"Ruta no encontrada :c"}
{"level":"warn","message":"Ruta no encontrada :c"}
{"level":"warn","message":"Ruta no encontrada :c"}
{"level":"warn","message":"Ruta no encontrada :c"}
{"level":"warn","message":"Ruta no encontrada :c"}
{"level":"warn","message":"Ruta no encontrada :c"}
{"level":"warn","message":"Ruta no encontrada :c"}
{"level":"warn","message":"Ruta no encontrada :c"}
{"level":"warn","message":"Ruta no encontrada :c"}
{"level":"warn","message":"Ruta no encontrada :c"}
{"level":"warn","message":"Ruta no encontrada :c"}
{"level":"warn","message":"Ruta no encontrada :c"}
{"level":"warn","message":"Ruta no encontrada :c"}
{"level":"warn","message":"Ruta no encontrada :c"}
{"level":"warn","message":"Ruta no encontrada :c"}
{"level":"warn","message":"Ruta no encontrada :c"}
{"level":"warn","message":"Ruta no encontrada :c"}
{"level":"warn","message":"Ruta no encontrada :c"}
{"level":"warn","message":"Ruta no encontrada :c"}
{"level":"warn","message":"Ruta no encontrada :c"}
{"level":"warn","message":"Ruta no encontrada :c"}
{"level":"warn","message":"Ruta no encontrada :c"}
{"level":"warn","message":"Ruta no encontrada :c"}
{"level":"warn","message":"Ruta no encontrada :c"}
{"level":"warn","message":"Ruta no encontrada :c"}
{"level":"warn","message":"Ruta no encontrada :c"}
{"level":"warn","message":"Ruta no encontrada :c"}
{"level":"warn","message":"Ruta no encontrada :c"}
{"level":"warn","message":"Ruta no encontrada :c"}
{"level":"warn","message":"Ruta no encontrada :c"}
{"level":"warn","message":"Ruta no encontrada :c"}
{"level":"warn","message":"Ruta no encontrada :c"}
{"level":"warn","message":"Ruta no encontrada :c"}
{"level":"warn","message":"Ruta no encontrada :c"}
{"level":"warn","message":"Ruta no encontrada :c"}
{"level":"warn","message":"Ruta no encontrada :c"}
{"level":"warn","message":"Ruta no encontrada :c"}
{"level":"warn","message":"Ruta no encontrada :c"}
{"level":"warn","message":"Ruta no encontrada :c"}
{"level":"warn","message":"Ruta no encontrada :c"}
{"level":"warn","message":"Ruta no encontrada :c"}
{"level":"warn","message":"Ruta no encontrada :c"}
{"level":"warn","message":"Ruta no encontrada :c"}
{"level":"warn","message":"Ruta no encontrada :c"}
{"level":"warn","message":"Ruta no encontrada :c"}
{"level":"warn","message":"Ruta no encontrada :c"}
{"level":"warn","message":"Ruta no encontrada :c"}
{"level":"warn","message":"Ruta no encontrada :c"}
{"level":"warn","message":"Ruta no encontrada :c"}
{"level":"warn","message":"Ruta no encontrada :c"}
{"level":"warn","message":"Ruta no encontrada :c"}
{"level":"warn","message":"Ruta no encontrada :c"}
{"level":"warn","message":"Ruta no encontrada :c"}
{"level":"warn","message":"Ruta no encontrada :c"}
{"level":"warn","message":"Ruta no encontrada :c"}
{"level":"warn","message":"Ruta no encontrada :c"}
{"level":"warn","message":"Ruta no encontrada :c"}
{"level":"warn","message":"Ruta no encontrada :c"}
{"level":"warn","message":"Ruta no encontrada :c"}
{"level":"warn","message":"Ruta no encontrada :c"}
{"level":"warn","message":"Ruta no encontrada :c"}
{"level":"warn","message":"Ruta no encontrada :c"}
{"level":"warn","message":"Ruta no encontrada :c"}
{"level":"warn","message":"Ruta no encontrada :c"}
{"level":"warn","message":"Ruta no encontrada :c"}
{"level":"warn","message":"Ruta no encontrada :c"}
{"level":"warn","message":"Ruta no encontrada :c"}
{"level":"warn","message":"Ruta no encontrada :c"}
{"level":"warn","message":"Ruta no encontrada :c"}
{"level":"warn","message":"Ruta no encontrada :c"}
{"level":"warn","message":"Ruta no encontrada :c"}
{"level":"warn","message":"Ruta no encontrada :c"}
{"level":"warn","message":"Ruta no encontrada :c"}
{"level":"warn","message":"Ruta no encontrada :c"}
{"level":"warn","message":"Ruta no encontrada :c"}
{"level":"warn","message":"Ruta no encontrada :c"}
{"level":"warn","message":"Ruta no encontrada :c"}
{"level":"warn","message":"Ruta no encontrada :c"}
{"level":"warn","message":"Ruta no encontrada :c"}
{"level":"warn","message":"Ruta no encontrada :c"}
{"level":"warn","message":"Ruta no encontrada :c"}
{"level":"warn","message":"Ruta no encontrada :c"}
{"level":"warn","message":"Ruta no encontrada :c"}
{"level":"warn","message":"Ruta no encontrada :c"}
{"level":"warn","message":"Ruta no encontrada :c"}
{"level":"warn","message":"Ruta no encontrada :c"}
{"level":"warn","message":"Ruta no encontrada :c"}
{"level":"warn","message":"Ruta no encontrada :c"}
{"level":"error","message":"campos invalidos"}
{"level":"warn","message":"Ruta no encontrada :c"}
{"level":"warn","message":"Ruta no encontrada :c"}
{"level":"warn","message":"Ruta no encontrada :c"}
{"level":"warn","message":"Ruta no encontrada :c"}
{"level":"warn","message":"Ruta no encontrada :c"}
{"level":"warn","message":"Ruta no encontrada :c"}
{"level":"warn","message":"Ruta no encontrada :c"}
{"level":"warn","message":"Ruta no encontrada :c"}
{"level":"warn","message":"Ruta no encontrada :c"}
{"level":"warn","message":"Ruta no encontrada :c"}
{"level":"warn","message":"Ruta no encontrada :c"}
{"level":"warn","message":"Ruta no encontrada :c"}
{"level":"warn","message":"Ruta no encontrada :c"}
{"level":"warn","message":"Ruta no encontrada :c"}
{"level":"warn","message":"Ruta no encontrada :c"}
{"level":"warn","message":"Ruta no encontrada :c"}
{"level":"warn","message":"Ruta no encontrada :c"}
{"level":"warn","message":"Ruta no encontrada :c"}
{"level":"warn","message":"Ruta no encontrada :c"}
{"level":"warn","message":"Ruta no encontrada :c"}
{"level":"warn","message":"Ruta no encontrada :c"}
{"level":"warn","message":"Ruta no encontrada :c"}
{"level":"warn","message":"Ruta no encontrada :c"}
{"level":"warn","message":"Ruta no encontrada :c"}
{"level":"warn","message":"Ruta no encontrada :c"}
{"level":"warn","message":"Ruta no encontrada :c"}
{"level":"warn","message":"Ruta no encontrada :c"}
{"level":"warn","message":"Ruta no encontrada :c"}
{"level":"warn","message":"Ruta no encontrada :c"}
{"level":"warn","message":"Ruta no encontrada :c"}
{"level":"warn","message":"Ruta no encontrada :c"}
{"level":"warn","message":"Ruta no encontrada :c"}
{"level":"warn","message":"Ruta no encontrada :c"}
{"level":"warn","message":"Ruta no encontrada :c"}
{"level":"warn","message":"Ruta no encontrada :c"}
{"level":"warn","message":"Ruta no encontrada :c"}
{"level":"warn","message":"Ruta no encontrada :c"}
{"level":"warn","message":"Ruta no encontrada :c"}
{"level":"warn","message":"Ruta no encontrada :c"}
{"level":"warn","message":"Ruta no encontrada :c"}
{"level":"warn","message":"Ruta no encontrada :c"}
{"level":"warn","message":"Ruta no encontrada :c"}
{"level":"warn","message":"Ruta no encontrada :c"}
{"level":"warn","message":"Ruta no encontrada :c"}
{"level":"warn","message":"Ruta no encontrada :c"}
{"level":"warn","message":"Ruta no encontrada :c"}
{"level":"warn","message":"Ruta no encontrada :c"}
{"level":"warn","message":"Ruta no encontrada :c"}
{"level":"warn","message":"Ruta no encontrada :c"}
{"level":"warn","message":"Ruta no encontrada :c"}
{"level":"warn","message":"Ruta no encontrada :c"}
{"level":"warn","message":"Ruta no encontrada :c"}
{"level":"warn","message":"Ruta no encontrada :c"}
{"level":"warn","message":"Ruta no encontrada :c"}
{"level":"warn","message":"Ruta no encontrada :c"}
{"level":"warn","message":"Ruta no encontrada :c"}
{"level":"warn","message":"Ruta no encontrada :c"}
{"level":"warn","message":"Ruta no encontrada :c"}
{"level":"warn","message":"Ruta no encontrada :c"}
{"level":"warn","message":"Ruta no encontrada :c"}
{"level":"warn","message":"Ruta no encontrada :c"}
{"level":"warn","message":"Ruta no encontrada :c"}
{"level":"warn","message":"Ruta no encontrada :c"}
{"level":"warn","message":"Ruta no encontrada :c"}
{"level":"warn","message":"Ruta no encontrada :c"}
{"level":"warn","message":"Ruta no encontrada :c"}
{"level":"warn","message":"Ruta no encontrada :c"}
{"level":"warn","message":"Ruta no encontrada :c"}
{"level":"warn","message":"Ruta no encontrada :c"}
{"level":"warn","message":"Ruta no encontrada :c"}
{"level":"warn","message":"Ruta no encontrada :c"}
{"level":"warn","message":"Ruta no encontrada :c"}
{"level":"warn","message":"Ruta no encontrada :c"}
{"level":"warn","message":"Ruta no encontrada :c"}
{"level":"warn","message":"Ruta no encontrada :c"}
{"level":"warn","message":"Ruta no encontrada :c"}
{"level":"warn","message":"Ruta no encontrada :c"}
{"level":"warn","message":"Ruta no encontrada :c"}
{"level":"warn","message":"Ruta no encontrada :c"}
{"level":"warn","message":"Ruta no encontrada :c"}
{"level":"warn","message":"Ruta no encontrada :c"}
{"level":"warn","message":"Ruta no encontrada :c"}
{"level":"warn","message":"Ruta no encontrada :c"}
{"level":"warn","message":"Ruta no encontrada :c"}
{"level":"warn","message":"Ruta no encontrada :c"}
{"level":"warn","message":"Ruta no encontrada :c"}
{"level":"warn","message":"Ruta no encontrada :c"}
{"level":"warn","message":"Ruta no encontrada :c"}
{"level":"warn","message":"Ruta no encontrada :c"}
{"level":"warn","message":"Ruta no encontrada :c"}
{"level":"warn","message":"Ruta no encontrada :c"}
{"level":"warn","message":"Ruta no encontrada :c"}
{"level":"warn","message":"Ruta no encontrada :c"}
{"level":"warn","message":"Ruta no encontrada :c"}
{"level":"warn","message":"Ruta no encontrada :c"}
{"level":"warn","message":"Ruta no encontrada :c"}
{"level":"warn","message":"Ruta no encontrada :c"}
{"level":"warn","message":"Ruta no encontrada :c"}
{"level":"warn","message":"Ruta no encontrada :c"}
{"level":"warn","message":"Ruta no encontrada :c"}
{"level":"warn","message":"Ruta no encontrada :c"}
{"level":"warn","message":"Ruta no encontrada :c"}
{"level":"warn","message":"Ruta no encontrada :c"}
{"level":"warn","message":"Ruta no encontrada :c"}
{"level":"warn","message":"Ruta no encontrada :c"}
{"level":"warn","message":"Ruta no encontrada :c"}
{"level":"warn","message":"Ruta no encontrada :c"}
{"level":"warn","message":"Ruta no encontrada :c"}
{"level":"warn","message":"Ruta no encontrada :c"}
{"level":"warn","message":"Ruta no encontrada :c"}
{"level":"warn","message":"Ruta no encontrada :c"}
{"level":"warn","message":"Ruta no encontrada :c"}
{"level":"warn","message":"Ruta no encontrada :c"}
{"level":"warn","message":"Ruta no encontrada :c"}
{"level":"warn","message":"Ruta no encontrada :c"}
{"level":"warn","message":"Ruta no encontrada :c"}
{"level":"warn","message":"Ruta no encontrada :c"}
{"level":"warn","message":"Ruta no encontrada :c"}
{"level":"warn","message":"Ruta no encontrada :c"}
{"level":"warn","message":"Ruta no encontrada :c"}
{"level":"warn","message":"Ruta no encontrada :c"}
{"level":"warn","message":"Ruta no encontrada :c"}
{"level":"warn","message":"Ruta no encontrada :c"}
{"level":"warn","message":"Ruta no encontrada :c"}
{"level":"warn","message":"Ruta no encontrada :c"}
{"level":"warn","message":"Ruta no encontrada :c"}
{"level":"warn","message":"Ruta no encontrada :c"}
{"level":"warn","message":"Ruta no encontrada :c"}
{"level":"warn","message":"Ruta no encontrada :c"}
{"level":"warn","message":"Ruta no encontrada :c"}
{"level":"warn","message":"Ruta no encontrada :c"}
{"level":"warn","message":"Ruta no encontrada :c"}
{"level":"warn","message":"Ruta no encontrada :c"}
{"level":"warn","message":"Ruta no encontrada :c"}
{"level":"warn","message":"Ruta no encontrada :c"}
{"level":"warn","message":"Ruta no encontrada :c"}
{"level":"warn","message":"Ruta no encontrada :c"}
{"level":"warn","message":"Ruta no encontrada :c"}
{"level":"warn","message":"Ruta no encontrada :c"}
{"level":"warn","message":"Ruta no encontrada :c"}
{"level":"warn","message":"Ruta no encontrada :c"}
{"level":"warn","message":"Ruta no encontrada :c"}
{"level":"warn","message":"Ruta no encontrada :c"}
{"level":"warn","message":"Ruta no encontrada :c"}
{"level":"warn","message":"Ruta no encontrada :c"}
{"level":"warn","message":"Ruta no encontrada :c"}
{"level":"warn","message":"Ruta no encontrada :c"}
{"level":"warn","message":"Ruta no encontrada :c"}
{"level":"warn","message":"Ruta no encontrada :c"}
{"level":"warn","message":"Ruta no encontrada :c"}
{"level":"warn","message":"Ruta no encontrada :c"}
{"level":"warn","message":"Ruta no encontrada :c"}
{"level":"warn","message":"Ruta no encontrada :c"}
{"level":"warn","message":"Ruta no encontrada :c"}
{"level":"warn","message":"Ruta no encontrada :c"}
{"level":"warn","message":"Ruta no encontrada :c"}
{"level":"warn","message":"Ruta no encontrada :c"}
{"level":"warn","message":"Ruta no encontrada :c"}
{"level":"error","message":"producto no encontrado"}
{"level":"error","message":"producto no encontrado"}
{"level":"error","message":"producto no encontrado"}
{"level":"error","message":"producto no encontrado"}
{"level":"error","message":"producto no encontrado"}
{"level":"error","message":"\"pers\" is read-only"}
{"level":"warn","message":"Ruta no encontrada :c"}
{"level":"error","message":"campos invalidos"}
{"level":"error","message":"campos invalidos"}
{"level":"error","message":"Cast to ObjectId failed for value \"4\" (type string) at path \"_id\" for model \"productos\""}
{"level":"warn","message":"Ruta no encontrada :c"}
{"level":"warn","message":"Ruta no encontrada :c"}
{"level":"warn","message":"Ruta no encontrada :c"}
{"level":"warn","message":"Ruta no encontrada :c"}
{"level":"warn","message":"Ruta no encontrada :c"}
{"level":"warn","message":"Ruta no encontrada :c"}
{"level":"warn","message":"Ruta no encontrada :c"}
{"level":"warn","message":"Ruta no encontrada :c"}
{"level":"warn","message":"Ruta no encontrada :c"}
{"level":"warn","message":"Ruta no encontrada :c"}
{"level":"warn","message":"Ruta no encontrada :c"}
{"level":"warn","message":"Ruta no encontrada :c"}
{"level":"warn","message":"Ruta no encontrada :c"}
{"level":"warn","message":"Ruta no encontrada :c"}
{"level":"warn","message":"Ruta no encontrada :c"}
{"level":"warn","message":"Ruta no encontrada :c"}
{"level":"warn","message":"Ruta no encontrada :c"}
{"level":"warn","message":"Ruta no encontrada :c"}
{"level":"warn","message":"Ruta no encontrada :c"}
{"level":"warn","message":"Ruta no encontrada :c"}
{"level":"warn","message":"Ruta no encontrada :c"}
{"level":"warn","message":"Ruta no encontrada :c"}
{"level":"warn","message":"Ruta no encontrada :c"}
{"level":"warn","message":"Ruta no encontrada :c"}
{"level":"warn","message":"Ruta no encontrada :c"}
{"level":"warn","message":"Ruta no encontrada :c"}
{"level":"warn","message":"Ruta no encontrada :c"}
{"level":"warn","message":"Ruta no encontrada :c"}
{"level":"warn","message":"Ruta no encontrada :c"}
{"level":"warn","message":"Ruta no encontrada :c"}
{"level":"warn","message":"Ruta no encontrada :c"}
{"level":"warn","message":"Ruta no encontrada :c"}
{"level":"warn","message":"Ruta no encontrada :c"}
{"level":"warn","message":"Ruta no encontrada :c"}
{"level":"warn","message":"Ruta no encontrada :c"}
{"level":"warn","message":"Ruta no encontrada :c"}
{"level":"warn","message":"Ruta no encontrada :c"}
{"level":"warn","message":"Ruta no encontrada :c"}
{"level":"warn","message":"Ruta no encontrada :c"}
{"level":"warn","message":"Ruta no encontrada :c"}
{"level":"warn","message":"Ruta no encontrada :c"}
{"level":"warn","message":"Ruta no encontrada :c"}
{"level":"warn","message":"Ruta no encontrada :c"}
{"level":"warn","message":"Ruta no encontrada :c"}
{"level":"warn","message":"Ruta no encontrada :c"}
{"level":"warn","message":"Ruta no encontrada :c"}
{"level":"warn","message":"Ruta no encontrada :c"}
{"level":"warn","message":"Ruta no encontrada :c"}
{"level":"warn","message":"Ruta no encontrada :c"}
{"level":"warn","message":"Ruta no encontrada :c"}
{"level":"warn","message":"Ruta no encontrada :c"}
{"level":"warn","message":"Ruta no encontrada :c"}
{"level":"warn","message":"Ruta no encontrada :c"}
{"level":"warn","message":"Ruta no encontrada :c"}
{"level":"warn","message":"Ruta no encontrada :c"}
{"level":"warn","message":"Ruta no encontrada :c"}
{"level":"warn","message":"Ruta no encontrada :c"}
{"level":"warn","message":"Ruta no encontrada :c"}
{"level":"warn","message":"Ruta no encontrada :c"}
{"level":"warn","message":"Ruta no encontrada :c"}
{"level":"warn","message":"Ruta no encontrada :c"}
{"level":"warn","message":"Ruta no encontrada :c"}
{"level":"warn","message":"Ruta no encontrada :c"}
{"level":"warn","message":"Ruta no encontrada :c"}
{"level":"warn","message":"Ruta no encontrada :c"}
{"level":"warn","message":"Ruta no encontrada :c"}
{"level":"warn","message":"Ruta no encontrada :c"}
{"level":"warn","message":"Ruta no encontrada :c"}
{"level":"warn","message":"Ruta no encontrada :c"}
{"level":"warn","message":"Ruta no encontrada :c"}
{"level":"warn","message":"Ruta no encontrada :c"}
{"level":"warn","message":"Ruta no encontrada :c"}
{"level":"warn","message":"Ruta no encontrada :c"}
{"level":"warn","message":"Ruta no encontrada :c"}
{"level":"warn","message":"Ruta no encontrada :c"}
{"level":"warn","message":"Ruta no encontrada :c"}
{"level":"warn","message":"Ruta no encontrada :c"}
{"level":"warn","message":"Ruta no encontrada :c"}
{"level":"warn","message":"Ruta no encontrada :c"}
{"level":"warn","message":"Ruta no encontrada :c"}
{"level":"warn","message":"Ruta no encontrada :c"}
{"level":"warn","message":"Ruta no encontrada :c"}
{"level":"warn","message":"Ruta no encontrada :c"}
{"level":"warn","message":"Ruta no encontrada :c"}
{"level":"warn","message":"Ruta no encontrada :c"}
{"level":"warn","message":"Ruta no encontrada :c"}
{"level":"warn","message":"Ruta no encontrada :c"}
{"level":"warn","message":"Ruta no encontrada :c"}
{"level":"warn","message":"Ruta no encontrada :c"}
{"level":"warn","message":"Ruta no encontrada :c"}
{"level":"warn","message":"Ruta no encontrada :c"}
{"level":"warn","message":"Ruta no encontrada :c"}
{"level":"warn","message":"Ruta no encontrada :c"}
{"level":"warn","message":"Ruta no encontrada :c"}
{"level":"warn","message":"Ruta no encontrada :c"}
{"level":"warn","message":"Ruta no encontrada :c"}
{"level":"warn","message":"Ruta no encontrada :c"}
{"level":"warn","message":"Ruta no encontrada :c"}
{"level":"warn","message":"Ruta no encontrada :c"}
{"level":"warn","message":"Ruta no encontrada :c"}
{"level":"warn","message":"Ruta no encontrada :c"}
{"level":"warn","message":"Ruta no encontrada :c"}
{"level":"warn","message":"Ruta no encontrada :c"}
{"level":"warn","message":"Ruta no encontrada :c"}
{"level":"warn","message":"Ruta no encontrada :c"}
{"level":"warn","message":"Ruta no encontrada :c"}
{"level":"warn","message":"Ruta no encontrada :c"}
{"level":"warn","message":"Ruta no encontrada :c"}
{"level":"warn","message":"Ruta no encontrada :c"}
{"level":"warn","message":"Ruta no encontrada :c"}
{"level":"warn","message":"Ruta no encontrada :c"}
{"level":"warn","message":"Ruta no encontrada :c"}
{"level":"warn","message":"Ruta no encontrada :c"}
{"level":"warn","message":"Ruta no encontrada :c"}
{"level":"warn","message":"Ruta no encontrada :c"}
{"level":"warn","message":"Ruta no encontrada :c"}
{"level":"warn","message":"Ruta no encontrada :c"}
{"level":"warn","message":"Ruta no encontrada :c"}
{"level":"warn","message":"Ruta no encontrada :c"}
{"level":"warn","message":"Ruta no encontrada :c"}
{"level":"warn","message":"Ruta no encontrada :c"}
{"level":"warn","message":"Ruta no encontrada :c"}
{"level":"warn","message":"Ruta no encontrada :c"}
{"level":"warn","message":"Ruta no encontrada :c"}
{"level":"warn","message":"Ruta no encontrada :c"}
{"level":"warn","message":"Ruta no encontrada :c"}
{"level":"warn","message":"Ruta no encontrada :c"}
{"level":"warn","message":"Ruta no encontrada :c"}
{"level":"warn","message":"Ruta no encontrada :c"}
{"level":"warn","message":"Ruta no encontrada :c"}
{"level":"warn","message":"Ruta no encontrada :c"}
{"level":"warn","message":"Ruta no encontrada :c"}
{"level":"warn","message":"Ruta no encontrada :c"}
{"level":"warn","message":"Ruta no encontrada :c"}
{"level":"warn","message":"Ruta no encontrada :c"}
{"level":"warn","message":"Ruta no encontrada :c"}
{"level":"warn","message":"Ruta no encontrada :c"}
{"level":"warn","message":"Ruta no encontrada :c"}
{"level":"warn","message":"Ruta no encontrada :c"}
{"level":"warn","message":"Ruta no encontrada :c"}
{"level":"warn","message":"Ruta no encontrada :c"}
{"level":"warn","message":"Ruta no encontrada :c"}
{"level":"warn","message":"Ruta no encontrada :c"}
{"level":"warn","message":"Ruta no encontrada :c"}
{"level":"warn","message":"Ruta no encontrada :c"}
{"level":"warn","message":"Ruta no encontrada :c"}
{"level":"warn","message":"Ruta no encontrada :c"}
{"level":"warn","message":"Ruta no encontrada :c"}
{"level":"warn","message":"Ruta no encontrada :c"}
{"level":"warn","message":"Ruta no encontrada :c"}
{"level":"warn","message":"Ruta no encontrada :c"}
{"level":"warn","message":"Ruta no encontrada :c"}
{"level":"warn","message":"Ruta no encontrada :c"}
{"level":"warn","message":"Ruta no encontrada :c"}
{"level":"warn","message":"Ruta no encontrada :c"}
{"level":"warn","message":"Ruta no encontrada :c"}
{"level":"warn","message":"Ruta no encontrada :c"}
{"level":"warn","message":"Ruta no encontrada :c"}
{"level":"warn","message":"Ruta no encontrada :c"}
{"level":"warn","message":"Ruta no encontrada :c"}
{"level":"warn","message":"Ruta no encontrada :c"}
{"level":"warn","message":"Ruta no encontrada :c"}
{"level":"warn","message":"Ruta no encontrada :c"}
{"level":"warn","message":"Ruta no encontrada :c"}
{"level":"warn","message":"Ruta no encontrada :c"}
{"level":"warn","message":"Ruta no encontrada :c"}
{"level":"warn","message":"Ruta no encontrada :c"}
{"level":"warn","message":"Ruta no encontrada :c"}
{"level":"warn","message":"Ruta no encontrada :c"}
{"level":"warn","message":"Ruta no encontrada :c"}
{"level":"warn","message":"Ruta no encontrada :c"}
{"level":"warn","message":"Ruta no encontrada :c"}
{"level":"warn","message":"Ruta no encontrada :c"}
{"level":"warn","message":"Ruta no encontrada :c"}
{"level":"warn","message":"Ruta no encontrada :c"}
{"level":"warn","message":"Ruta no encontrada :c"}
{"level":"warn","message":"Ruta no encontrada :c"}
{"level":"warn","message":"Ruta no encontrada :c"}
{"level":"warn","message":"Ruta no encontrada :c"}
{"level":"warn","message":"Ruta no encontrada :c"}
{"level":"warn","message":"Ruta no encontrada :c"}
{"level":"warn","message":"Ruta no encontrada :c"}
{"level":"warn","message":"Ruta no encontrada :c"}
{"level":"warn","message":"Ruta no encontrada :c"}
{"level":"warn","message":"Ruta no encontrada :c"}
{"level":"warn","message":"Ruta no encontrada :c"}
{"level":"warn","message":"Ruta no encontrada :c"}
{"level":"warn","message":"Ruta no encontrada :c"}
{"level":"warn","message":"Ruta no encontrada :c"}
{"level":"warn","message":"Ruta no encontrada :c"}
{"level":"warn","message":"Ruta no encontrada :c"}
{"level":"warn","message":"Ruta no encontrada :c"}
{"level":"warn","message":"Ruta no encontrada :c"}
{"level":"warn","message":"Ruta no encontrada :c"}
{"level":"warn","message":"Ruta no encontrada :c"}
{"level":"warn","message":"Ruta no encontrada :c"}
{"level":"warn","message":"Ruta no encontrada :c"}
{"level":"warn","message":"Ruta no encontrada :c"}
{"level":"warn","message":"Ruta no encontrada :c"}
{"level":"warn","message":"Ruta no encontrada :c"}
{"level":"warn","message":"Ruta no encontrada :c"}
{"level":"warn","message":"Ruta no encontrada :c"}
{"level":"warn","message":"Ruta no encontrada :c"}
{"level":"warn","message":"Ruta no encontrada :c"}
{"level":"warn","message":"Ruta no encontrada :c"}
{"level":"warn","message":"Ruta no encontrada :c"}
{"level":"warn","message":"Ruta no encontrada :c"}
{"level":"warn","message":"Ruta no encontrada :c"}
{"level":"warn","message":"Ruta no encontrada :c"}
{"level":"warn","message":"Ruta no encontrada :c"}
{"level":"warn","message":"Ruta no encontrada :c"}
{"level":"warn","message":"Ruta no encontrada :c"}
{"level":"warn","message":"Ruta no encontrada :c"}
{"level":"warn","message":"Ruta no encontrada :c"}
{"level":"warn","message":"Ruta no encontrada :c"}
{"level":"warn","message":"Ruta no encontrada :c"}
{"level":"warn","message":"Ruta no encontrada :c"}
{"level":"warn","message":"Ruta no encontrada :c"}
{"level":"warn","message":"Ruta no encontrada :c"}
{"level":"warn","message":"Ruta no encontrada :c"}
{"level":"warn","message":"Ruta no encontrada :c"}
{"level":"warn","message":"Ruta no encontrada :c"}
{"level":"warn","message":"Ruta no encontrada :c"}
{"level":"warn","message":"Ruta no encontrada :c"}
{"level":"warn","message":"Ruta no encontrada :c"}
{"level":"warn","message":"Ruta no encontrada :c"}
{"level":"warn","message":"Ruta no encontrada :c"}
{"level":"warn","message":"Ruta no encontrada :c"}
{"level":"warn","message":"Ruta no encontrada :c"}
{"level":"warn","message":"Ruta no encontrada :c"}
{"level":"warn","message":"Ruta no encontrada :c"}
{"level":"warn","message":"Ruta no encontrada :c"}
{"level":"warn","message":"Ruta no encontrada :c"}
{"level":"warn","message":"Ruta no encontrada :c"}
{"level":"warn","message":"Ruta no encontrada :c"}
{"level":"warn","message":"Ruta no encontrada :c"}
{"level":"warn","message":"Ruta no encontrada :c"}
{"level":"warn","message":"Ruta no encontrada :c"}
{"level":"warn","message":"Ruta no encontrada :c"}
{"level":"warn","message":"Ruta no encontrada :c"}
{"level":"warn","message":"Ruta no encontrada :c"}
{"level":"warn","message":"Ruta no encontrada :c"}
{"level":"warn","message":"Ruta no encontrada :c"}
{"level":"warn","message":"Ruta no encontrada :c"}
{"level":"warn","message":"Ruta no encontrada :c"}
{"level":"warn","message":"Ruta no encontrada :c"}
{"level":"warn","message":"Ruta no encontrada :c"}
{"level":"warn","message":"Ruta no encontrada :c"}
{"level":"warn","message":"Ruta no encontrada :c"}
{"level":"warn","message":"Ruta no encontrada :c"}
{"level":"warn","message":"Ruta no encontrada :c"}
{"level":"warn","message":"Ruta no encontrada :c"}
{"level":"warn","message":"Ruta no encontrada :c"}
{"level":"warn","message":"Ruta no encontrada :c"}
{"level":"warn","message":"Ruta no encontrada :c"}
{"level":"warn","message":"Ruta no encontrada :c"}
{"level":"warn","message":"Ruta no encontrada :c"}
{"level":"warn","message":"Ruta no encontrada :c"}
{"level":"warn","message":"Ruta no encontrada :c"}
{"level":"warn","message":"Ruta no encontrada :c"}
{"level":"warn","message":"Ruta no encontrada :c"}
{"level":"warn","message":"Ruta no encontrada :c"}
{"level":"warn","message":"Ruta no encontrada :c"}
{"level":"warn","message":"Ruta no encontrada :c"}
{"level":"warn","message":"Ruta no encontrada :c"}
{"level":"warn","message":"Ruta no encontrada :c"}
{"level":"warn","message":"Ruta no encontrada :c"}
{"level":"warn","message":"Ruta no encontrada :c"}
{"level":"warn","message":"Ruta no encontrada :c"}
{"level":"warn","message":"Ruta no encontrada :c"}
{"level":"warn","message":"Ruta no encontrada :c"}
{"level":"warn","message":"Ruta no encontrada :c"}
{"level":"warn","message":"Ruta no encontrada :c"}
{"level":"warn","message":"Ruta no encontrada :c"}
{"level":"warn","message":"Ruta no encontrada :c"}
{"level":"warn","message":"Ruta no encontrada :c"}
{"level":"warn","message":"Ruta no encontrada :c"}
{"level":"warn","message":"Ruta no encontrada :c"}
{"level":"warn","message":"Ruta no encontrada :c"}
{"level":"warn","message":"Ruta no encontrada :c"}
{"level":"warn","message":"Ruta no encontrada :c"}
{"level":"warn","message":"Ruta no encontrada :c"}
{"level":"warn","message":"Ruta no encontrada :c"}
{"level":"warn","message":"Ruta no encontrada :c"}
{"level":"warn","message":"Ruta no encontrada :c"}
{"level":"warn","message":"Ruta no encontrada :c"}
{"level":"warn","message":"Ruta no encontrada :c"}
{"level":"warn","message":"Ruta no encontrada :c"}
{"level":"warn","message":"Ruta no encontrada :c"}
{"level":"warn","message":"Ruta no encontrada :c"}
{"level":"warn","message":"Ruta no encontrada :c"}
{"level":"warn","message":"Ruta no encontrada :c"}
{"level":"warn","message":"Ruta no encontrada :c"}
{"level":"warn","message":"Ruta no encontrada :c"}
{"level":"warn","message":"Ruta no encontrada :c"}
{"level":"warn","message":"Ruta no encontrada :c"}
{"level":"warn","message":"Ruta no encontrada :c"}
{"level":"warn","message":"Ruta no encontrada :c"}
{"level":"warn","message":"Ruta no encontrada :c"}
{"level":"warn","message":"Ruta no encontrada :c"}
{"level":"warn","message":"Ruta no encontrada :c"}
{"level":"warn","message":"Ruta no encontrada :c"}
{"level":"warn","message":"Ruta no encontrada :c"}
{"level":"warn","message":"Ruta no encontrada :c"}
{"level":"warn","message":"Ruta no encontrada :c"}
{"level":"warn","message":"Ruta no encontrada :c"}
{"level":"warn","message":"Ruta no encontrada :c"}
{"level":"warn","message":"Ruta no encontrada :c"}
{"level":"warn","message":"Ruta no encontrada :c"}
{"level":"warn","message":"Ruta no encontrada :c"}
{"level":"warn","message":"Ruta no encontrada :c"}
{"level":"warn","message":"Ruta no encontrada :c"}
{"level":"warn","message":"Ruta no encontrada :c"}
{"level":"warn","message":"Ruta no encontrada :c"}
{"level":"warn","message":"Ruta no encontrada :c"}
{"level":"warn","message":"Ruta no encontrada :c"}
{"level":"warn","message":"Ruta no encontrada :c"}
{"level":"warn","message":"Ruta no encontrada :c"}
{"level":"warn","message":"Ruta no encontrada :c"}
{"level":"warn","message":"Ruta no encontrada :c"}
{"level":"warn","message":"Ruta no encontrada :c"}
{"level":"warn","message":"Ruta no encontrada :c"}
{"level":"warn","message":"Ruta no encontrada :c"}
{"level":"warn","message":"Ruta no encontrada :c"}
{"level":"warn","message":"Ruta no encontrada :c"}
{"level":"warn","message":"Ruta no encontrada :c"}
{"level":"warn","message":"Ruta no encontrada :c"}
{"level":"warn","message":"Ruta no encontrada :c"}
{"level":"warn","message":"Ruta no encontrada :c"}
{"level":"warn","message":"Ruta no encontrada :c"}
{"level":"warn","message":"Ruta no encontrada :c"}
{"level":"warn","message":"Ruta no encontrada :c"}
{"level":"warn","message":"Ruta no encontrada :c"}
{"level":"warn","message":"Ruta no encontrada :c"}
{"level":"warn","message":"Ruta no encontrada :c"}
{"level":"warn","message":"Ruta no encontrada :c"}
{"level":"warn","message":"Ruta no encontrada :c"}
{"level":"warn","message":"Ruta no encontrada :c"}
{"level":"warn","message":"Ruta no encontrada :c"}
{"level":"warn","message":"Ruta no encontrada :c"}
{"level":"warn","message":"Ruta no encontrada :c"}
{"level":"warn","message":"Ruta no encontrada :c"}
{"level":"warn","message":"Ruta no encontrada :c"}
{"level":"warn","message":"Ruta no encontrada :c"}
{"level":"warn","message":"Ruta no encontrada :c"}
{"level":"warn","message":"Ruta no encontrada :c"}
{"level":"warn","message":"Ruta no encontrada :c"}
{"level":"warn","message":"Ruta no encontrada :c"}
{"level":"warn","message":"Ruta no encontrada :c"}
{"level":"warn","message":"Ruta no encontrada :c"}
{"level":"warn","message":"Ruta no encontrada :c"}
{"level":"warn","message":"Ruta no encontrada :c"}
{"level":"warn","message":"Ruta no encontrada :c"}
{"level":"warn","message":"Ruta no encontrada :c"}
{"level":"warn","message":"Ruta no encontrada :c"}
{"level":"warn","message":"Ruta no encontrada :c"}
{"level":"warn","message":"Ruta no encontrada :c"}
{"level":"warn","message":"Ruta no encontrada :c"}
{"level":"warn","message":"Ruta no encontrada :c"}
{"level":"warn","message":"Ruta no encontrada :c"}
{"level":"warn","message":"Ruta no encontrada :c"}
{"level":"warn","message":"Ruta no encontrada :c"}
{"level":"warn","message":"Ruta no encontrada :c"}
{"level":"warn","message":"Ruta no encontrada :c"}
{"level":"warn","message":"Ruta no encontrada :c"}
{"level":"warn","message":"Ruta no encontrada :c"}
{"level":"warn","message":"Ruta no encontrada :c"}
{"level":"warn","message":"Ruta no encontrada :c"}
{"level":"warn","message":"Ruta no encontrada :c"}
{"level":"warn","message":"Ruta no encontrada :c"}
{"level":"warn","message":"Ruta no encontrada :c"}
{"level":"warn","message":"Ruta no encontrada :c"}
{"level":"warn","message":"Ruta no encontrada :c"}
{"level":"warn","message":"Ruta no encontrada :c"}
{"level":"warn","message":"Ruta no encontrada :c"}
{"level":"warn","message":"Ruta no encontrada :c"}
{"level":"warn","message":"Ruta no encontrada :c"}
{"level":"warn","message":"Ruta no encontrada :c"}
{"level":"warn","message":"Ruta no encontrada :c"}
{"level":"warn","message":"Ruta no encontrada :c"}
{"level":"warn","message":"Ruta no encontrada :c"}
{"level":"warn","message":"Ruta no encontrada :c"}
{"level":"warn","message":"Ruta no encontrada :c"}
{"level":"warn","message":"Ruta no encontrada :c"}
{"level":"warn","message":"Ruta no encontrada :c"}
{"level":"warn","message":"Ruta no encontrada :c"}
{"level":"warn","message":"Ruta no encontrada :c"}
{"level":"warn","message":"Ruta no encontrada :c"}
{"level":"warn","message":"Ruta no encontrada :c"}
{"level":"warn","message":"Ruta no encontrada :c"}
{"level":"warn","message":"Ruta no encontrada :c"}
{"level":"warn","message":"Ruta no encontrada :c"}
{"level":"warn","message":"Ruta no encontrada :c"}
{"level":"warn","message":"Ruta no encontrada :c"}
{"level":"warn","message":"Ruta no encontrada :c"}
{"level":"warn","message":"Ruta no encontrada :c"}
{"level":"warn","message":"Ruta no encontrada :c"}
{"level":"warn","message":"Ruta no encontrada :c"}
{"level":"warn","message":"Ruta no encontrada :c"}
{"level":"warn","message":"Ruta no encontrada :c"}
{"level":"warn","message":"Ruta no encontrada :c"}
{"level":"warn","message":"Ruta no encontrada :c"}
{"level":"warn","message":"Ruta no encontrada :c"}
{"level":"warn","message":"Ruta no encontrada :c"}
{"level":"warn","message":"Ruta no encontrada :c"}
{"level":"warn","message":"Ruta no encontrada :c"}
{"level":"warn","message":"Ruta no encontrada :c"}
{"level":"warn","message":"Ruta no encontrada :c"}
{"level":"warn","message":"Ruta no encontrada :c"}
{"level":"warn","message":"Ruta no encontrada :c"}
{"level":"warn","message":"Ruta no encontrada :c"}
{"level":"warn","message":"Ruta no encontrada :c"}
{"level":"warn","message":"Ruta no encontrada :c"}
{"level":"warn","message":"Ruta no encontrada :c"}
{"level":"warn","message":"Ruta no encontrada :c"}
{"level":"warn","message":"Ruta no encontrada :c"}
{"level":"warn","message":"Ruta no encontrada :c"}
{"level":"warn","message":"Ruta no encontrada :c"}
{"level":"warn","message":"Ruta no encontrada :c"}
{"level":"warn","message":"Ruta no encontrada :c"}
{"level":"warn","message":"Ruta no encontrada :c"}
{"level":"warn","message":"Ruta no encontrada :c"}
{"level":"warn","message":"Ruta no encontrada :c"}
{"level":"warn","message":"Ruta no encontrada :c"}
{"level":"warn","message":"Ruta no encontrada :c"}
{"level":"warn","message":"Ruta no encontrada :c"}
{"level":"warn","message":"Ruta no encontrada :c"}
{"level":"warn","message":"Ruta no encontrada :c"}
{"level":"warn","message":"Ruta no encontrada :c"}
{"level":"warn","message":"Ruta no encontrada :c"}
{"level":"warn","message":"Ruta no encontrada :c"}
{"level":"warn","message":"Ruta no encontrada :c"}
{"level":"warn","message":"Ruta no encontrada :c"}
{"level":"warn","message":"Ruta no encontrada :c"}
{"level":"warn","message":"Ruta no encontrada :c"}
{"level":"warn","message":"Ruta no encontrada :c"}
{"level":"warn","message":"Ruta no encontrada :c"}
{"level":"warn","message":"Ruta no encontrada :c"}
{"level":"warn","message":"Ruta no encontrada :c"}
{"level":"warn","message":"Ruta no encontrada :c"}
{"level":"warn","message":"Ruta no encontrada :c"}
{"level":"warn","message":"Ruta no encontrada :c"}
{"level":"warn","message":"Ruta no encontrada :c"}
{"level":"warn","message":"Ruta no encontrada :c"}
{"level":"warn","message":"Ruta no encontrada :c"}
{"level":"warn","message":"Ruta no encontrada :c"}
{"level":"warn","message":"Ruta no encontrada :c"}
{"level":"warn","message":"Ruta no encontrada :c"}
{"level":"warn","message":"Ruta no encontrada :c"}
{"level":"warn","message":"Ruta no encontrada :c"}
{"level":"warn","message":"Ruta no encontrada :c"}
{"level":"warn","message":"Ruta no encontrada :c"}
{"level":"warn","message":"Ruta no encontrada :c"}
{"level":"warn","message":"Ruta no encontrada :c"}
{"level":"warn","message":"Ruta no encontrada :c"}
{"level":"warn","message":"Ruta no encontrada :c"}
{"level":"warn","message":"Ruta no encontrada :c"}
{"level":"warn","message":"Ruta no encontrada :c"}
{"level":"warn","message":"Ruta no encontrada :c"}
{"level":"warn","message":"Ruta no encontrada :c"}
{"level":"warn","message":"Ruta no encontrada :c"}
{"level":"warn","message":"Ruta no encontrada :c"}
{"level":"warn","message":"Ruta no encontrada :c"}
{"level":"warn","message":"Ruta no encontrada :c"}
{"level":"warn","message":"Ruta no encontrada :c"}
{"level":"warn","message":"Ruta no encontrada :c"}
{"level":"warn","message":"Ruta no encontrada :c"}
{"level":"warn","message":"Ruta no encontrada :c"}
{"level":"warn","message":"Ruta no encontrada :c"}
{"level":"warn","message":"Ruta no encontrada :c"}
{"level":"warn","message":"Ruta no encontrada :c"}
{"level":"warn","message":"Ruta no encontrada :c"}
{"level":"warn","message":"Ruta no encontrada :c"}
{"level":"warn","message":"Ruta no encontrada :c"}
{"level":"warn","message":"Ruta no encontrada :c"}
{"level":"warn","message":"Ruta no encontrada :c"}
{"level":"warn","message":"Ruta no encontrada :c"}
{"level":"warn","message":"Ruta no encontrada :c"}
{"level":"warn","message":"Ruta no encontrada :c"}
{"level":"warn","message":"Ruta no encontrada :c"}
{"level":"warn","message":"Ruta no encontrada :c"}
{"level":"warn","message":"Ruta no encontrada :c"}
{"level":"warn","message":"Ruta no encontrada :c"}
{"level":"warn","message":"Ruta no encontrada :c"}
{"level":"warn","message":"Ruta no encontrada :c"}
{"level":"warn","message":"Ruta no encontrada :c"}
{"level":"warn","message":"Ruta no encontrada :c"}
{"level":"warn","message":"Ruta no encontrada :c"}
{"level":"warn","message":"Ruta no encontrada :c"}
{"level":"warn","message":"Ruta no encontrada :c"}
{"level":"warn","message":"Ruta no encontrada :c"}
{"level":"warn","message":"Ruta no encontrada :c"}
{"level":"warn","message":"Ruta no encontrada :c"}
{"level":"warn","message":"Ruta no encontrada :c"}
{"level":"warn","message":"Ruta no encontrada :c"}
{"level":"warn","message":"Ruta no encontrada :c"}
{"level":"warn","message":"Ruta no encontrada :c"}
{"level":"warn","message":"Ruta no encontrada :c"}
{"level":"warn","message":"Ruta no encontrada :c"}
{"level":"warn","message":"Ruta no encontrada :c"}
{"level":"warn","message":"Ruta no encontrada :c"}
{"level":"warn","message":"Ruta no encontrada :c"}
{"level":"warn","message":"Ruta no encontrada :c"}
{"level":"warn","message":"Ruta no encontrada :c"}
{"level":"warn","message":"Ruta no encontrada :c"}
{"level":"warn","message":"Ruta no encontrada :c"}
{"level":"warn","message":"Ruta no encontrada :c"}
{"level":"warn","message":"Ruta no encontrada :c"}
{"level":"warn","message":"Ruta no encontrada :c"}
{"level":"warn","message":"Ruta no encontrada :c"}
{"level":"warn","message":"Ruta no encontrada :c"}
{"level":"warn","message":"Ruta no encontrada :c"}
{"level":"warn","message":"Ruta no encontrada :c"}
{"level":"warn","message":"Ruta no encontrada :c"}
{"level":"warn","message":"Ruta no encontrada :c"}
{"level":"warn","message":"Ruta no encontrada :c"}
{"level":"warn","message":"Ruta no encontrada :c"}
{"level":"warn","message":"Ruta no encontrada :c"}
{"level":"warn","message":"Ruta no encontrada :c"}
{"level":"warn","message":"Ruta no encontrada :c"}
{"level":"warn","message":"Ruta no encontrada :c"}
{"level":"warn","message":"Ruta no encontrada :c"}
{"level":"warn","message":"Ruta no encontrada :c"}
{"level":"warn","message":"Ruta no encontrada :c"}
{"level":"warn","message":"Ruta no encontrada :c"}
{"level":"warn","message":"Ruta no encontrada :c"}
{"level":"warn","message":"Ruta no encontrada :c"}
{"level":"warn","message":"Ruta no encontrada :c"}
{"level":"warn","message":"Ruta no encontrada :c"}
{"level":"warn","message":"Ruta no encontrada :c"}
{"level":"warn","message":"Ruta no encontrada :c"}
{"level":"warn","message":"Ruta no encontrada :c"}
{"level":"warn","message":"Ruta no encontrada :c"}
{"level":"warn","message":"Ruta no encontrada :c"}
{"level":"warn","message":"Ruta no encontrada :c"}
{"level":"warn","message":"Ruta no encontrada :c"}
{"level":"warn","message":"Ruta no encontrada :c"}
{"level":"warn","message":"Ruta no encontrada :c"}
{"level":"warn","message":"Ruta no encontrada :c"}
{"level":"warn","message":"Ruta no encontrada :c"}
{"level":"warn","message":"Ruta no encontrada :c"}
{"level":"warn","message":"Ruta no encontrada :c"}
{"level":"warn","message":"Ruta no encontrada :c"}
{"level":"warn","message":"Ruta no encontrada :c"}
{"level":"warn","message":"Ruta no encontrada :c"}
{"level":"warn","message":"Ruta no encontrada :c"}
{"level":"warn","message":"Ruta no encontrada :c"}
{"level":"warn","message":"Ruta no encontrada :c"}
{"level":"warn","message":"Ruta no encontrada :c"}
{"level":"warn","message":"Ruta no encontrada :c"}
{"level":"warn","message":"Ruta no encontrada :c"}
{"level":"warn","message":"Ruta no encontrada :c"}
{"level":"warn","message":"Ruta no encontrada :c"}
{"level":"warn","message":"Ruta no encontrada :c"}
{"level":"warn","message":"Ruta no encontrada :c"}
{"level":"warn","message":"Ruta no encontrada :c"}
{"level":"warn","message":"Ruta no encontrada :c"}
{"level":"warn","message":"Ruta no encontrada :c"}
{"level":"warn","message":"Ruta no encontrada :c"}
{"level":"warn","message":"Ruta no encontrada :c"}
{"level":"warn","message":"Ruta no encontrada :c"}
{"level":"warn","message":"Ruta no encontrada :c"}
{"level":"warn","message":"Ruta no encontrada :c"}
{"level":"warn","message":"Ruta no encontrada :c"}
{"level":"warn","message":"Ruta no encontrada :c"}
{"level":"warn","message":"Ruta no encontrada :c"}
{"level":"warn","message":"Ruta no encontrada :c"}
{"level":"warn","message":"Ruta no encontrada :c"}
{"level":"warn","message":"Ruta no encontrada :c"}
{"level":"warn","message":"Ruta no encontrada :c"}
{"level":"warn","message":"Ruta no encontrada :c"}
{"level":"warn","message":"Ruta no encontrada :c"}
{"level":"warn","message":"Ruta no encontrada :c"}
{"level":"warn","message":"Ruta no encontrada :c"}
{"level":"warn","message":"Ruta no encontrada :c"}
{"level":"warn","message":"Ruta no encontrada :c"}
{"level":"warn","message":"Ruta no encontrada :c"}
{"level":"warn","message":"Ruta no encontrada :c"}
{"level":"warn","message":"Ruta no encontrada :c"}
{"level":"warn","message":"Ruta no encontrada :c"}
{"level":"warn","message":"Ruta no encontrada :c"}
{"level":"warn","message":"Ruta no encontrada :c"}
{"level":"warn","message":"Ruta no encontrada :c"}
{"level":"warn","message":"Ruta no encontrada :c"}
{"level":"warn","message":"Ruta no encontrada :c"}
{"level":"warn","message":"Ruta no encontrada :c"}
{"level":"warn","message":"Ruta no encontrada :c"}
{"level":"warn","message":"Ruta no encontrada :c"}
{"level":"warn","message":"Ruta no encontrada :c"}
{"level":"warn","message":"Ruta no encontrada :c"}
{"level":"warn","message":"Ruta no encontrada :c"}
{"level":"warn","message":"Ruta no encontrada :c"}
{"level":"warn","message":"Ruta no encontrada :c"}
{"level":"warn","message":"Ruta no encontrada :c"}
{"level":"warn","message":"Ruta no encontrada :c"}
{"level":"warn","message":"Ruta no encontrada :c"}
{"level":"warn","message":"Ruta no encontrada :c"}
{"level":"warn","message":"Ruta no encontrada :c"}
{"level":"warn","message":"Ruta no encontrada :c"}
{"level":"warn","message":"Ruta no encontrada :c"}
{"level":"warn","message":"Ruta no encontrada :c"}
{"level":"warn","message":"Ruta no encontrada :c"}
{"level":"warn","message":"Ruta no encontrada :c"}
{"level":"warn","message":"Ruta no encontrada :c"}
{"level":"warn","message":"Ruta no encontrada :c"}
{"level":"warn","message":"Ruta no encontrada :c"}
{"level":"warn","message":"Ruta no encontrada :c"}
{"level":"warn","message":"Ruta no encontrada :c"}
{"level":"error","message":"Cast to ObjectId failed for value \"undefined\" (type string) at path \"_id\" for model \"productos\""}
{"level":"warn","message":"usuario no encontrado"}
{"level":"warn","message":"Ruta no encontrada :c"}
{"level":"warn","message":"Ruta no encontrada :c"}
{"level":"warn","message":"Ruta no encontrada :c"}
{"level":"warn","message":"usuario no encontrado"}
{"level":"warn","message":"usuario no encontrado"}
{"level":"warn","message":"Ruta no encontrada :c"}
{"level":"warn","message":"Ruta no encontrada :c"}
{"level":"warn","message":"usuario no encontrado"}
{"level":"warn","message":"usuario no encontrado"}
{"level":"error","message":"Error: Cannot set headers after they are sent to the client\n    at new NodeError (node:internal/errors:393:5)\n    at ServerResponse.setHeader (node:_http_outgoing:644:11)\n    at ServerResponse.header (C:\\Users\\Laura Sofia\\Desktop\\desafioClase8\\node_modules\\express\\lib\\response.js:794:10)\n    at ServerResponse.send (C:\\Users\\Laura Sofia\\Desktop\\desafioClase8\\node_modules\\express\\lib\\response.js:174:12)\n    at ServerResponse.json (C:\\Users\\Laura Sofia\\Desktop\\desafioClase8\\node_modules\\express\\lib\\response.js:278:15)\n    at _callee6$ (C:\\Users\\Laura Sofia\\Desktop\\desafioClase8\\src\\controller\\rest\\/carritoController.js:111:13)\n    at tryCatch (C:\\Users\\Laura Sofia\\Desktop\\desafioClase8\\src\\controller\\rest\\/carritoController.js:2:1)\n    at Generator.<anonymous> (C:\\Users\\Laura Sofia\\Desktop\\desafioClase8\\src\\controller\\rest\\/carritoController.js:2:1)\n    at Generator.next (C:\\Users\\Laura Sofia\\Desktop\\desafioClase8\\src\\controller\\rest\\/carritoController.js:2:1)\n    at asyncGeneratorStep (C:\\Users\\Laura Sofia\\Desktop\\desafioClase8\\src\\controller\\rest\\/carritoController.js:2:1)\n    at _next (C:\\Users\\Laura Sofia\\Desktop\\desafioClase8\\src\\controller\\rest\\/carritoController.js:2:1)\n    at processTicksAndRejections (node:internal/process/task_queues:95:5)"}
{"level":"warn","message":"Ruta no encontrada :c"}
{"level":"warn","message":"Ruta no encontrada :c"}
{"level":"warn","message":"Ruta no encontrada :c"}
{"level":"warn","message":"Ruta no encontrada :c"}
{"level":"warn","message":"Ruta no encontrada :c"}
{"level":"warn","message":"Ruta no encontrada :c"}
{"level":"warn","message":"Ruta no encontrada :c"}
{"level":"warn","message":"Ruta no encontrada :c"}
{"level":"warn","message":"Ruta no encontrada :c"}
{"level":"warn","message":"Ruta no encontrada :c"}
{"level":"warn","message":"Ruta no encontrada :c"}
{"level":"warn","message":"Ruta no encontrada :c"}
{"level":"warn","message":"Ruta no encontrada :c"}
{"level":"warn","message":"Ruta no encontrada :c"}
{"level":"warn","message":"Ruta no encontrada :c"}
{"level":"warn","message":"Ruta no encontrada :c"}
{"level":"warn","message":"usuario no encontrado"}
{"level":"warn","message":"usuario no encontrado"}
{"level":"warn","message":"usuario no encontrado"}
{"level":"warn","message":"Ruta no encontrada :c"}
{"level":"warn","message":"Ruta no encontrada :c"}
{"level":"warn","message":"Ruta no encontrada :c"}
{"level":"warn","message":"Ruta no encontrada :c"}
{"level":"warn","message":"Ruta no encontrada :c"}
{"level":"warn","message":"Ruta no encontrada :c"}
{"level":"error","message":"RangeError: Invalid status code: user\n    at new NodeError (node:internal/errors:393:5)\n    at ServerResponse.writeHead (node:_http_server:343:11)\n    at ServerResponse.writeHead (C:\\Users\\Laura Sofia\\Desktop\\desafioClase8\\node_modules\\on-headers\\index.js:44:26)\n    at ServerResponse.writeHead (C:\\Users\\Laura Sofia\\Desktop\\desafioClase8\\node_modules\\on-headers\\index.js:44:26)\n    at ServerResponse.writeHead (C:\\Users\\Laura Sofia\\Desktop\\desafioClase8\\node_modules\\on-headers\\index.js:44:26)\n    at ServerResponse._implicitHeader (node:_http_server:334:8)\n    at writetop (C:\\Users\\Laura Sofia\\Desktop\\desafioClase8\\node_modules\\express-session\\index.js:276:15)\n    at ServerResponse.end (C:\\Users\\Laura Sofia\\Desktop\\desafioClase8\\node_modules\\express-session\\index.js:356:16)\n    at ServerResponse.send (C:\\Users\\Laura Sofia\\Desktop\\desafioClase8\\node_modules\\express\\lib\\response.js:232:10)\n    at ServerResponse.json (C:\\Users\\Laura Sofia\\Desktop\\desafioClase8\\node_modules\\express\\lib\\response.js:278:15)\n    at getHome (C:\\Users\\Laura Sofia\\Desktop\\desafioClase8\\src\\controller\\/userController.js:22:9)\n    at Layer.handle [as handle_request] (C:\\Users\\Laura Sofia\\Desktop\\desafioClase8\\node_modules\\express\\lib\\router\\layer.js:95:5)\n    at next (C:\\Users\\Laura Sofia\\Desktop\\desafioClase8\\node_modules\\express\\lib\\router\\route.js:144:13)\n    at isLoggedIn (C:\\Users\\Laura Sofia\\Desktop\\desafioClase8\\src\\routes\\/usuarios.js:13:5)\n    at Layer.handle [as handle_request] (C:\\Users\\Laura Sofia\\Desktop\\desafioClase8\\node_modules\\express\\lib\\router\\layer.js:95:5)\n    at next (C:\\Users\\Laura Sofia\\Desktop\\desafioClase8\\node_modules\\express\\lib\\router\\route.js:144:13)\n    at info (C:\\Users\\Laura Sofia\\Desktop\\desafioClase8\\src\\middlewares\\/logger.js:14:5)\n    at Layer.handle [as handle_request] (C:\\Users\\Laura Sofia\\Desktop\\desafioClase8\\node_modules\\express\\lib\\router\\layer.js:95:5)\n    at next (C:\\Users\\Laura Sofia\\Desktop\\desafioClase8\\node_modules\\express\\lib\\router\\route.js:144:13)\n    at Route.dispatch (C:\\Users\\Laura Sofia\\Desktop\\desafioClase8\\node_modules\\express\\lib\\router\\route.js:114:3)\n    at Layer.handle [as handle_request] (C:\\Users\\Laura Sofia\\Desktop\\desafioClase8\\node_modules\\express\\lib\\router\\layer.js:95:5)\n    at C:\\Users\\Laura Sofia\\Desktop\\desafioClase8\\node_modules\\express\\lib\\router\\index.js:284:15\n    at Function.process_params (C:\\Users\\Laura Sofia\\Desktop\\desafioClase8\\node_modules\\express\\lib\\router\\index.js:346:12)\n    at next (C:\\Users\\Laura Sofia\\Desktop\\desafioClase8\\node_modules\\express\\lib\\router\\index.js:280:10)\n    at Function.handle (C:\\Users\\Laura Sofia\\Desktop\\desafioClase8\\node_modules\\express\\lib\\router\\index.js:175:3)\n    at router (C:\\Users\\Laura Sofia\\Desktop\\desafioClase8\\node_modules\\express\\lib\\router\\index.js:47:12)\n    at Layer.handle [as handle_request] (C:\\Users\\Laura Sofia\\Desktop\\desafioClase8\\node_modules\\express\\lib\\router\\layer.js:95:5)\n    at trim_prefix (C:\\Users\\Laura Sofia\\Desktop\\desafioClase8\\node_modules\\express\\lib\\router\\index.js:328:13)\n    at C:\\Users\\Laura Sofia\\Desktop\\desafioClase8\\node_modules\\express\\lib\\router\\index.js:286:9\n    at Function.process_params (C:\\Users\\Laura Sofia\\Desktop\\desafioClase8\\node_modules\\express\\lib\\router\\index.js:346:12)\n    at next (C:\\Users\\Laura Sofia\\Desktop\\desafioClase8\\node_modules\\express\\lib\\router\\index.js:280:10)\n    at Function.handle (C:\\Users\\Laura Sofia\\Desktop\\desafioClase8\\node_modules\\express\\lib\\router\\index.js:175:3)\n    at router (C:\\Users\\Laura Sofia\\Desktop\\desafioClase8\\node_modules\\express\\lib\\router\\index.js:47:12)\n    at Layer.handle [as handle_request] (C:\\Users\\Laura Sofia\\Desktop\\desafioClase8\\node_modules\\express\\lib\\router\\layer.js:95:5)\n    at trim_prefix (C:\\Users\\Laura Sofia\\Desktop\\desafioClase8\\node_modules\\express\\lib\\router\\index.js:328:13)\n    at C:\\Users\\Laura Sofia\\Desktop\\desafioClase8\\node_modules\\express\\lib\\router\\index.js:286:9\n    at Function.process_params (C:\\Users\\Laura Sofia\\Desktop\\desafioClase8\\node_modules\\express\\lib\\router\\index.js:346:12)\n    at next (C:\\Users\\Laura Sofia\\Desktop\\desafioClase8\\node_modules\\express\\lib\\router\\index.js:280:10)\n    at SessionStrategy.strategy.pass (C:\\Users\\Laura Sofia\\Desktop\\desafioClase8\\node_modules\\passport\\lib\\middleware\\authenticate.js:346:9)\n    at C:\\Users\\Laura Sofia\\Desktop\\desafioClase8\\node_modules\\passport\\lib\\strategies\\session.js:69:12\n    at pass (C:\\Users\\Laura Sofia\\Desktop\\desafioClase8\\node_modules\\passport\\lib\\authenticator.js:334:31)\n    at done (C:\\Users\\Laura Sofia\\Desktop\\desafioClase8\\node_modules\\passport\\lib\\authenticator.js:346:7)\n    at _callee3$ (C:\\Users\\Laura Sofia\\Desktop\\desafioClase8\\src\\controller\\/auth.js:72:10)\n    at tryCatch (C:\\Users\\Laura Sofia\\Desktop\\desafioClase8\\src\\controller\\/auth.js:2:1)\n    at Generator.<anonymous> (C:\\Users\\Laura Sofia\\Desktop\\desafioClase8\\src\\controller\\/auth.js:2:1)\n    at Generator.next (C:\\Users\\Laura Sofia\\Desktop\\desafioClase8\\src\\controller\\/auth.js:2:1)\n    at asyncGeneratorStep (C:\\Users\\Laura Sofia\\Desktop\\desafioClase8\\src\\controller\\/auth.js:2:1)\n    at _next (C:\\Users\\Laura Sofia\\Desktop\\desafioClase8\\src\\controller\\/auth.js:2:1)\n    at processTicksAndRejections (node:internal/process/task_queues:95:5)"}
{"level":"warn","message":"usuario no encontrado"}
{"level":"error","message":"mensajes validation failed: text: Path `text` is required."}
{"level":"warn","message":"Ruta no encontrada :c"}
{"level":"warn","message":"Ruta no encontrada :c"}
{"level":"warn","message":"Ruta no encontrada :c"}
{"level":"warn","message":"Ruta no encontrada :c"}
{"level":"warn","message":"Ruta no encontrada :c"}
{"level":"warn","message":"Ruta no encontrada :c"}
{"level":"warn","message":"Ruta no encontrada :c"}
{"level":"warn","message":"Ruta no encontrada :c"}
{"level":"warn","message":"Ruta no encontrada :c"}
{"level":"warn","message":"Ruta no encontrada :c"}
{"level":"warn","message":"Ruta no encontrada :c"}
{"level":"warn","message":"Ruta no encontrada :c"}
{"level":"warn","message":"Ruta no encontrada :c"}
{"level":"warn","message":"Ruta no encontrada :c"}
{"level":"warn","message":"Ruta no encontrada :c"}
{"level":"warn","message":"Ruta no encontrada :c"}
{"level":"warn","message":"Ruta no encontrada :c"}
{"level":"warn","message":"Ruta no encontrada :c"}
{"level":"warn","message":"Ruta no encontrada :c"}
{"level":"warn","message":"Ruta no encontrada :c"}
{"level":"warn","message":"Ruta no encontrada :c"}
{"level":"warn","message":"Ruta no encontrada :c"}
{"level":"warn","message":"Ruta no encontrada :c"}
{"level":"warn","message":"Ruta no encontrada :c"}
{"level":"warn","message":"Ruta no encontrada :c"}
{"level":"warn","message":"Ruta no encontrada :c"}
{"level":"warn","message":"Ruta no encontrada :c"}
{"level":"warn","message":"Ruta no encontrada :c"}
{"level":"warn","message":"Ruta no encontrada :c"}
{"level":"warn","message":"Ruta no encontrada :c"}
{"level":"warn","message":"Ruta no encontrada :c"}
{"level":"warn","message":"Ruta no encontrada :c"}
{"level":"warn","message":"Ruta no encontrada :c"}
{"level":"warn","message":"Ruta no encontrada :c"}
{"level":"warn","message":"Ruta no encontrada :c"}
{"level":"warn","message":"Ruta no encontrada :c"}
{"level":"warn","message":"Ruta no encontrada :c"}
{"level":"warn","message":"Ruta no encontrada :c"}
{"level":"warn","message":"Ruta no encontrada :c"}
{"level":"warn","message":"Ruta no encontrada :c"}
{"level":"warn","message":"Ruta no encontrada :c"}
{"level":"warn","message":"Ruta no encontrada :c"}
{"level":"warn","message":"Ruta no encontrada :c"}
{"level":"warn","message":"Ruta no encontrada :c"}
{"level":"warn","message":"Ruta no encontrada :c"}
{"level":"warn","message":"Ruta no encontrada :c"}
{"level":"warn","message":"Ruta no encontrada :c"}
{"level":"warn","message":"Ruta no encontrada :c"}
{"level":"warn","message":"Ruta no encontrada :c"}
{"level":"warn","message":"Ruta no encontrada :c"}
{"level":"warn","message":"Ruta no encontrada :c"}
{"level":"warn","message":"Ruta no encontrada :c"}
{"level":"warn","message":"Ruta no encontrada :c"}
{"level":"warn","message":"Ruta no encontrada :c"}
{"level":"warn","message":"Ruta no encontrada :c"}
{"level":"warn","message":"Ruta no encontrada :c"}
{"level":"warn","message":"Ruta no encontrada :c"}
{"level":"warn","message":"Ruta no encontrada :c"}
{"level":"warn","message":"Ruta no encontrada :c"}
{"level":"warn","message":"Ruta no encontrada :c"}
{"level":"warn","message":"Ruta no encontrada :c"}
{"level":"warn","message":"Ruta no encontrada :c"}
{"level":"warn","message":"Ruta no encontrada :c"}
{"level":"warn","message":"Ruta no encontrada :c"}
{"level":"warn","message":"Ruta no encontrada :c"}
{"level":"warn","message":"Ruta no encontrada :c"}
{"level":"warn","message":"Ruta no encontrada :c"}
{"level":"warn","message":"Ruta no encontrada :c"}
{"level":"warn","message":"Ruta no encontrada :c"}
{"level":"warn","message":"Ruta no encontrada :c"}
{"level":"warn","message":"Ruta no encontrada :c"}
{"level":"warn","message":"Ruta no encontrada :c"}
{"level":"warn","message":"Ruta no encontrada :c"}
{"level":"warn","message":"Ruta no encontrada :c"}
{"level":"warn","message":"Ruta no encontrada :c"}
{"level":"warn","message":"Ruta no encontrada :c"}
{"level":"warn","message":"Ruta no encontrada :c"}
{"level":"warn","message":"Ruta no encontrada :c"}
{"level":"warn","message":"Ruta no encontrada :c"}
{"level":"warn","message":"Ruta no encontrada :c"}
{"level":"warn","message":"Ruta no encontrada :c"}
{"level":"warn","message":"Ruta no encontrada :c"}
{"level":"warn","message":"Ruta no encontrada :c"}
{"level":"warn","message":"Ruta no encontrada :c"}
{"level":"warn","message":"Ruta no encontrada :c"}
{"level":"warn","message":"Ruta no encontrada :c"}
{"level":"warn","message":"Ruta no encontrada :c"}
{"level":"warn","message":"Ruta no encontrada :c"}
{"level":"warn","message":"Ruta no encontrada :c"}
{"level":"warn","message":"Ruta no encontrada :c"}
{"level":"warn","message":"Ruta no encontrada :c"}
{"level":"warn","message":"Ruta no encontrada :c"}
{"level":"warn","message":"Ruta no encontrada :c"}
{"level":"warn","message":"Ruta no encontrada :c"}
{"level":"warn","message":"Ruta no encontrada :c"}
{"level":"warn","message":"Ruta no encontrada :c"}
{"level":"warn","message":"Ruta no encontrada :c"}
{"level":"warn","message":"Ruta no encontrada :c"}
{"level":"warn","message":"Ruta no encontrada :c"}
{"level":"warn","message":"Ruta no encontrada :c"}
{"level":"warn","message":"Ruta no encontrada :c"}
{"level":"warn","message":"Ruta no encontrada :c"}
{"level":"warn","message":"Ruta no encontrada :c"}
{"level":"warn","message":"Ruta no encontrada :c"}
{"level":"warn","message":"Ruta no encontrada :c"}
{"level":"warn","message":"Ruta no encontrada :c"}
{"level":"warn","message":"Ruta no encontrada :c"}
{"level":"warn","message":"Ruta no encontrada :c"}
{"level":"warn","message":"Ruta no encontrada :c"}
{"level":"warn","message":"Ruta no encontrada :c"}
{"level":"warn","message":"Ruta no encontrada :c"}
{"level":"warn","message":"Ruta no encontrada :c"}
{"level":"warn","message":"Ruta no encontrada :c"}
{"level":"warn","message":"Ruta no encontrada :c"}
{"level":"warn","message":"Ruta no encontrada :c"}
{"level":"warn","message":"Ruta no encontrada :c"}
{"level":"warn","message":"Ruta no encontrada :c"}
{"level":"warn","message":"Ruta no encontrada :c"}
{"level":"warn","message":"Ruta no encontrada :c"}
{"level":"warn","message":"Ruta no encontrada :c"}
{"level":"warn","message":"Ruta no encontrada :c"}
{"level":"warn","message":"Ruta no encontrada :c"}
{"level":"warn","message":"Ruta no encontrada :c"}
{"level":"warn","message":"Ruta no encontrada :c"}
{"level":"warn","message":"Ruta no encontrada :c"}
{"level":"warn","message":"Ruta no encontrada :c"}
{"level":"warn","message":"Ruta no encontrada :c"}
{"level":"warn","message":"Ruta no encontrada :c"}
{"level":"warn","message":"Ruta no encontrada :c"}
{"level":"warn","message":"Ruta no encontrada :c"}
{"level":"warn","message":"Ruta no encontrada :c"}
{"level":"warn","message":"Ruta no encontrada :c"}
{"level":"warn","message":"Ruta no encontrada :c"}
{"level":"warn","message":"Ruta no encontrada :c"}
{"level":"warn","message":"Ruta no encontrada :c"}
{"level":"warn","message":"Ruta no encontrada :c"}
{"level":"warn","message":"Ruta no encontrada :c"}
{"level":"warn","message":"Ruta no encontrada :c"}
{"level":"warn","message":"Ruta no encontrada :c"}
{"level":"warn","message":"Ruta no encontrada :c"}
{"level":"warn","message":"Ruta no encontrada :c"}
{"level":"warn","message":"Ruta no encontrada :c"}
{"level":"warn","message":"Ruta no encontrada :c"}
{"level":"warn","message":"Ruta no encontrada :c"}
{"level":"warn","message":"Ruta no encontrada :c"}
{"level":"warn","message":"Ruta no encontrada :c"}
{"level":"warn","message":"Ruta no encontrada :c"}
{"level":"warn","message":"Ruta no encontrada :c"}
{"level":"warn","message":"Ruta no encontrada :c"}
{"level":"warn","message":"Ruta no encontrada :c"}
{"level":"warn","message":"Ruta no encontrada :c"}
{"level":"warn","message":"Ruta no encontrada :c"}
{"level":"warn","message":"Ruta no encontrada :c"}
{"level":"warn","message":"Ruta no encontrada :c"}
{"level":"warn","message":"Ruta no encontrada :c"}
{"level":"warn","message":"Ruta no encontrada :c"}
{"level":"warn","message":"Ruta no encontrada :c"}
{"level":"warn","message":"Ruta no encontrada :c"}
{"level":"warn","message":"Ruta no encontrada :c"}
{"level":"warn","message":"Ruta no encontrada :c"}
{"level":"warn","message":"Ruta no encontrada :c"}
{"level":"warn","message":"Ruta no encontrada :c"}
{"level":"error","message":"mensajes validation failed: text: Path `text` is required."}
{"level":"error","message":"mensajes validation failed: text: Path `text` is required."}
{"level":"error","message":"mensajes validation failed: text: Path `text` is required."}
{"level":"warn","message":"Ruta no encontrada :c"}
{"level":"warn","message":"Ruta no encontrada :c"}
{"level":"error","message":"producto no encontrado"}
{"level":"error","message":"producto no encontrado"}
{"level":"error","message":"Cast to ObjectId failed for value \"2\" (type string) at path \"_id\" for model \"productos\""}
{"level":"error","message":"Cast to ObjectId failed for value \"sdadsa\" (type string) at path \"_id\" for model \"productos\""}
{"level":"error","message":"producto no encontrado"}
{"level":"error","message":"producto no encontrado :c"}
{"level":"error","message":"producto no encontrado :c"}
{"level":"error","message":"producto no encontrado :c"}
{"level":"error","message":"producto no encontrado :c"}
{"level":"error","message":"producto no encontrado :c"}
{"level":"error","message":"producto no encontrado :c"}
{"level":"error","message":"NotFoundError: carrito no encontrado\n    at CarritoAPI._callee2$ (C:\\Users\\Laura Sofia\\Desktop\\desafioClase8\\src\\services\\rest\\/carritoService.js:20:38)\n    at tryCatch (C:\\Users\\Laura Sofia\\Desktop\\desafioClase8\\src\\services\\rest\\/carritoService.js:2:1)\n    at Generator.<anonymous> (C:\\Users\\Laura Sofia\\Desktop\\desafioClase8\\src\\services\\rest\\/carritoService.js:2:1)\n    at Generator.next (C:\\Users\\Laura Sofia\\Desktop\\desafioClase8\\src\\services\\rest\\/carritoService.js:2:1)\n    at asyncGeneratorStep (C:\\Users\\Laura Sofia\\Desktop\\desafioClase8\\src\\services\\rest\\/carritoService.js:2:1)\n    at _next (C:\\Users\\Laura Sofia\\Desktop\\desafioClase8\\src\\services\\rest\\/carritoService.js:2:1)\n    at processTicksAndRejections (node:internal/process/task_queues:95:5)"}
{"level":"error","message":"NotFoundError: carrito no encontrado\n    at CarritoAPI._callee2$ (C:\\Users\\Laura Sofia\\Desktop\\desafioClase8\\dist\\services\\rest\\carritoService.js:69:50)\n    at tryCatch (C:\\Users\\Laura Sofia\\Desktop\\desafioClase8\\dist\\services\\rest\\carritoService.js:12:1357)\n    at Generator.<anonymous> (C:\\Users\\Laura Sofia\\Desktop\\desafioClase8\\dist\\services\\rest\\carritoService.js:12:4174)\n    at Generator.next (C:\\Users\\Laura Sofia\\Desktop\\desafioClase8\\dist\\services\\rest\\carritoService.js:12:2208)\n    at asyncGeneratorStep (C:\\Users\\Laura Sofia\\Desktop\\desafioClase8\\dist\\services\\rest\\carritoService.js:13:103)\n    at _next (C:\\Users\\Laura Sofia\\Desktop\\desafioClase8\\dist\\services\\rest\\carritoService.js:14:194)\n    at process.processTicksAndRejections (node:internal/process/task_queues:95:5)"}
